C:\ANIMATION\ANIMATION\RELEASE\SKELETON.OBJ
C:\ANIMATION\ANIMATION\RELEASE\SHADER.OBJ
C:\ANIMATION\ANIMATION\RELEASE\SETUP.OBJ
C:\ANIMATION\ANIMATION\RELEASE\OBJECTBUFFER.OBJ
C:\ANIMATION\ANIMATION\RELEASE\MESH.OBJ
C:\ANIMATION\ANIMATION\RELEASE\MAIN.OBJ
C:\ANIMATION\ANIMATION\RELEASE\LAB3MODEL.OBJ
C:\ANIMATION\ANIMATION\RELEASE\LAB3.OBJ
C:\ANIMATION\ANIMATION\RELEASE\LAB2.OBJ
C:\ANIMATION\ANIMATION\RELEASE\LAB1.OBJ
C:\ANIMATION\ANIMATION\RELEASE\CAMERA.OBJ
C:\ANIMATION\ANIMATION\RELEASE\BONE.OBJ
C:\ANIMATION\ANIMATION\RELEASE\ARMSKELETON.OBJ
C:\ANIMATION\ANIMATION\RELEASE\VC110.PDB
C:\Animation\Animation\Release\ArmSkeleton.obj
C:\Animation\Animation\Release\Bone.obj
C:\Animation\Animation\Release\Camera.obj
C:\Animation\Animation\Release\Lab1.obj
C:\Animation\Animation\Release\Lab2.obj
C:\Animation\Animation\Release\Lab3.obj
C:\Animation\Animation\Release\Lab3Model.obj
C:\Animation\Animation\Release\main.obj
C:\Animation\Animation\Release\Mesh.obj
C:\Animation\Animation\Release\ObjectBuffer.obj
C:\Animation\Animation\Release\Setup.obj
C:\Animation\Animation\Release\Shader.obj
C:\Animation\Animation\Release\Skeleton.obj
C:\Animation\Animation\Release\cl.command.1.tlog
C:\Animation\Animation\Release\CL.read.1.tlog
C:\Animation\Animation\Release\CL.write.1.tlog
C:\Animation\Animation\Release\link.command.1.tlog
C:\Animation\Animation\Release\link.read.1.tlog
C:\Animation\Animation\Release\link.write.1.tlog
C:\Animation\Animation\Release\vc110.pdb
