C:\ANIMATIONLAB\ANIMATION\ANIMATION\DEBUG\CAMERA.OBJ
C:\ANIMATIONLAB\ANIMATION\ANIMATION\DEBUG\LAB1.OBJ
C:\ANIMATIONLAB\ANIMATION\ANIMATION\DEBUG\LAB2.OBJ
C:\ANIMATIONLAB\ANIMATION\ANIMATION\DEBUG\MAIN.OBJ
C:\ANIMATIONLAB\ANIMATION\ANIMATION\DEBUG\OBJECTBUFFER.OBJ
C:\ANIMATIONLAB\ANIMATION\ANIMATION\DEBUG\SETUP.OBJ
C:\ANIMATIONLAB\ANIMATION\ANIMATION\DEBUG\SHADER.OBJ
C:\ANIMATIONLAB\ANIMATION\ANIMATION\DEBUG\VC110.PDB
C:\ANIMATION\ANIMATION\DEBUG\CAMERA.OBJ
C:\ANIMATION\ANIMATION\DEBUG\LAB1.OBJ
C:\ANIMATION\ANIMATION\DEBUG\LAB2.OBJ
C:\ANIMATION\ANIMATION\DEBUG\MAIN.OBJ
C:\ANIMATION\ANIMATION\DEBUG\OBJECTBUFFER.OBJ
C:\ANIMATION\ANIMATION\DEBUG\SETUP.OBJ
C:\ANIMATION\ANIMATION\DEBUG\SHADER.OBJ
C:\ANIMATION\ANIMATION\DEBUG\VC110.PDB
C:\ANIMATIONLAB\ANIMATION\DEBUG\ANIMATION.ILK
C:\ANIMATIONLAB\ANIMATION\DEBUG\ANIMATION.EXE
C:\ANIMATIONLAB\ANIMATION\DEBUG\ANIMATION.PDB
C:\ANIMATION\DEBUG\ANIMATION.ILK
C:\ANIMATION\DEBUG\ANIMATION.EXE
C:\ANIMATION\DEBUG\ANIMATION.PDB
C:\Animation\Animation\Debug\Camera.obj
C:\Animation\Animation\Debug\Lab1.obj
C:\Animation\Animation\Debug\Lab2.obj
C:\Animation\Animation\Debug\main.obj
C:\Animation\Animation\Debug\ObjectBuffer.obj
C:\Animation\Animation\Debug\Setup.obj
C:\Animation\Animation\Debug\Shader.obj
C:\Animation\Animation\Debug\cl.command.1.tlog
C:\Animation\Animation\Debug\CL.read.1.tlog
C:\Animation\Animation\Debug\CL.write.1.tlog
C:\Animation\Animation\Debug\link-cvtres.read.1.tlog
C:\Animation\Animation\Debug\link-cvtres.write.1.tlog
C:\Animation\Animation\Debug\link-rc.read.1.tlog
C:\Animation\Animation\Debug\link-rc.write.1.tlog
C:\Animation\Animation\Debug\link.10728-cvtres.read.1.tlog
C:\Animation\Animation\Debug\link.10728-cvtres.write.1.tlog
C:\Animation\Animation\Debug\link.10728-rc.read.1.tlog
C:\Animation\Animation\Debug\link.10728-rc.write.1.tlog
C:\Animation\Animation\Debug\link.10728.read.1.tlog
C:\Animation\Animation\Debug\link.10728.write.1.tlog
C:\Animation\Animation\Debug\link.7832-cvtres.read.1.tlog
C:\Animation\Animation\Debug\link.7832-cvtres.write.1.tlog
C:\Animation\Animation\Debug\link.7832-rc.read.1.tlog
C:\Animation\Animation\Debug\link.7832-rc.write.1.tlog
C:\Animation\Animation\Debug\link.7832.read.1.tlog
C:\Animation\Animation\Debug\link.7832.write.1.tlog
C:\Animation\Animation\Debug\link.command.1.tlog
C:\Animation\Animation\Debug\link.read.1.tlog
C:\Animation\Animation\Debug\link.write.1.tlog
C:\Animation\Animation\Debug\vc110.idb
C:\Animation\Animation\Debug\vc110.pdb
C:\Animation\Debug\Animation.pdb
C:\Animation\Debug\Animation.exe
C:\Animation\Debug\Animation.ilk
